<?xml version="1.0" encoding="UTF-8"?>
<!-- Generated by org.testng.reporters.JUnitReportReporter -->
<testsuite hostname="DESKTOP-N183VVB" failures="0" tests="1" name="basicsofapi.PathAndQueryParam" time="5.368" errors="0" timestamp="2024-12-06T23:47:30 IST" skipped="0">
  <testcase classname="basicsofapi.PathAndQueryParam" name="testPathAndQueryParameter" time="5.368"/>
</testsuite> <!-- basicsofapi.PathAndQueryParam -->
