<?xml version="1.0" encoding="UTF-8"?>
<!-- Generated by org.testng.reporters.JUnitReportReporter -->
<testsuite hostname="DESKTOP-N183VVB" failures="0" tests="1" name="basicsofapi.CookiesDemo" time="4.427" errors="0" timestamp="2024-12-07T00:31:25 IST" skipped="0">
  <testcase classname="basicsofapi.CookiesDemo" name="testAllCookies" time="4.427"/>
</testsuite> <!-- basicsofapi.CookiesDemo -->
