<?xml version="1.0" encoding="UTF-8"?>
<!-- Generated by org.testng.reporters.JUnitReportReporter -->
<testsuite hostname="DESKTOP-N183VVB" failures="0" tests="4" name="basicsofapi.HttpRequest" time="7.997" errors="0" timestamp="2024-12-02T11:57:38 IST" skipped="0">
  <testcase classname="basicsofapi.HttpRequest" name="getUsers" time="5.193"/>
  <testcase classname="basicsofapi.HttpRequest" name="createUsers" time="1.478"/>
  <testcase classname="basicsofapi.HttpRequest" name="updateUser" time="0.631"/>
  <testcase classname="basicsofapi.HttpRequest" name="deleteUser" time="0.695"/>
</testsuite> <!-- basicsofapi.HttpRequest -->
