<?xml version="1.0" encoding="UTF-8"?>
<!-- Generated by org.testng.reporters.JUnitReportReporter -->
<testsuite hostname="DESKTOP-N183VVB" failures="0" tests="1" name="basicsofapi.LoggingDemo" time="4.336" errors="0" timestamp="2024-12-07T01:24:31 IST" skipped="0">
  <testcase classname="basicsofapi.LoggingDemo" name="testLogMethod" time="4.336"/>
</testsuite> <!-- basicsofapi.LoggingDemo -->
