<?xml version="1.0" encoding="UTF-8"?>
<!-- Generated by org.testng.reporters.JUnitReportReporter -->
<testsuite hostname="DESKTOP-N183VVB" failures="0" tests="1" name="basicsofapi.HeaderDemo" time="3.773" errors="0" timestamp="2024-12-07T01:08:03 IST" skipped="0">
  <testcase classname="basicsofapi.HeaderDemo" name="testAllHeaders" time="3.773"/>
</testsuite> <!-- basicsofapi.HeaderDemo -->
